2018/11/12 20:52:56.036 [I] [graphite.go:36]  I am here 
2018/11/12 20:52:56.038 [I] [graphite.go:48]   
2018/11/12 20:52:56.308 [I] [graphite.go:36]  I am here 
2018/11/12 20:52:56.308 [I] [graphite.go:48]   
2018/11/12 20:52:58.546 [I] [graphite.go:36]  I am here 
2018/11/12 20:52:58.546 [I] [graphite.go:48]  2_go/2_go与火焰图trace.md 
2018/11/13 10:39:47.400 [I] [beeweb.go:52]  beego 1.0.0 
2018/11/13 10:39:47.435 [I] [asm_amd64.s:1333]  http server Running on http://:8080
2018/11/13 10:39:54.836 [I] [graphite.go:36]  I am here 
2018/11/13 10:39:54.836 [I] [graphite.go:48]   
2018/11/13 10:39:57.409 [I] [graphite.go:36]  I am here 
2018/11/13 10:39:57.409 [I] [graphite.go:48]  2_go/2_go与火焰图trace.md 
2018/11/13 10:53:10.509 [I] [beeweb.go:52]  beego 1.0.0 
2018/11/13 10:53:10.545 [I] [asm_amd64.s:1333]  http server Running on http://:8080
2018/11/13 10:53:15.666 [I] [graphite.go:36]  I am here 
2018/11/13 10:53:15.667 [I] [graphite.go:48]   
2018/11/13 10:53:17.076 [I] [graphite.go:36]  I am here 
2018/11/13 10:53:17.076 [I] [graphite.go:48]  2_go/2_go与火焰图trace.md 
2018/11/14 13:00:40.501 [I] [beeweb.go:52]  beego 1.0.0 
2018/11/14 13:00:40.536 [I] [asm_amd64.s:1333]  http server Running on http://:8080
2018/11/14 13:00:49.161 [I] [graphite.go:36]  I am here 
2018/11/14 13:00:49.161 [I] [graphite.go:48]   
2018/11/14 13:00:53.093 [I] [graphite.go:36]  I am here 
2018/11/14 13:00:53.093 [I] [graphite.go:48]  2_go/4_syncpool.md 
2018/11/14 13:01:02.375 [I] [graphite.go:36]  I am here 
2018/11/14 13:01:02.375 [I] [graphite.go:48]  2_go/3_http:https压力测试.md 
2018/11/14 13:01:08.888 [I] [graphite.go:36]  I am here 
2018/11/14 13:01:08.888 [I] [graphite.go:48]  2_go/2_go与火焰图trace.md 
2018/11/14 13:02:05.109 [I] [beeweb.go:52]  beego 1.0.0 
2018/11/14 13:02:05.139 [I] [asm_amd64.s:1333]  http server Running on http://:8080
2018/11/14 13:02:06.520 [I] [graphite.go:36]  I am here 
2018/11/14 13:02:06.520 [I] [graphite.go:48]  2_go/2_go与火焰图trace.md 
2018/11/14 13:02:10.126 [I] [graphite.go:36]  I am here 
2018/11/14 13:02:10.126 [I] [graphite.go:48]  2_go/4_syncpool.md 
2018/11/14 13:02:17.203 [I] [graphite.go:36]  I am here 
2018/11/14 13:02:17.203 [I] [graphite.go:48]  2_go/5_ConsistencyHash.md 
2018/11/14 13:02:21.545 [I] [graphite.go:36]  I am here 
2018/11/14 13:02:21.545 [I] [graphite.go:48]  1_what_is_graphite/1_什么是时间序列数据.md 
2018/11/14 13:02:39.284 [I] [graphite.go:36]  I am here 
2018/11/14 13:02:39.284 [I] [graphite.go:48]  2_go/1_go与postman.md 
2018/11/14 13:02:46.128 [I] [graphite.go:36]  I am here 
2018/11/14 13:02:46.130 [I] [graphite.go:48]  2_go/2_go与火焰图trace.md 
2018/11/14 13:02:48.195 [I] [graphite.go:36]  I am here 
2018/11/14 13:02:48.195 [I] [graphite.go:48]  2_go/3_http:https压力测试.md 
2018/11/14 14:09:01.372 [I] [beeweb.go:52]  beego 1.0.0 
2018/11/14 14:09:01.407 [I] [asm_amd64.s:1333]  http server Running on http://:8080
2018/11/14 14:09:11.019 [I] [graphite.go:36]  I am here 
2018/11/14 14:09:11.019 [I] [graphite.go:48]   
2018/11/14 14:09:15.296 [I] [graphite.go:36]  I am here 
2018/11/14 14:09:15.296 [I] [graphite.go:48]  2_go/2_go与火焰图trace.md 
2018/11/14 14:09:15.326 [I] [graphite.go:36]  I am here 
2018/11/14 14:09:15.326 [I] [graphite.go:48]  2_go/2_file/go.svg 
2018/11/14 14:17:23.291 [I] [beeweb.go:52]  beego 1.0.0 
2018/11/14 14:17:23.318 [I] [asm_amd64.s:1333]  http server Running on http://:8080
2018/11/14 14:17:40.119 [I] [graphite.go:36]  I am here 
2018/11/14 14:17:40.119 [I] [graphite.go:48]  2_go/2_go与火焰图trace.md 
2018/11/14 14:17:43.747 [I] [graphite.go:36]  I am here 
2018/11/14 14:17:43.748 [I] [graphite.go:48]  2_go/2_file/go.svg 
2018/11/14 14:23:36.787 [I] [graphite.go:36]  I am here 
2018/11/14 14:23:36.793 [I] [graphite.go:48]  2_go/2_go与火焰图trace.md 
2018/11/14 14:23:36.864 [I] [graphite.go:36]  I am here 
2018/11/14 14:23:36.864 [I] [graphite.go:48]  2_go/2_file/go.png 
2018/11/14 14:23:50.234 [I] [docs.go:46]  [TEST]link: intro/ 
2018/11/14 14:25:49.166 [I] [beeweb.go:52]  beego 1.0.0 
2018/11/14 14:25:49.195 [I] [asm_amd64.s:1333]  http server Running on http://:8080
2018/11/14 14:25:54.098 [I] [graphite.go:36]  I am here 
2018/11/14 14:25:54.099 [I] [graphite.go:48]   
2018/11/14 14:25:56.005 [I] [graphite.go:36]  I am here 
2018/11/14 14:25:56.005 [I] [graphite.go:48]  2_go/2_go与火焰图trace.md 
2018/11/14 14:25:56.033 [I] [graphite.go:36]  I am here 
2018/11/14 14:25:56.033 [I] [graphite.go:48]  2_go/2_file/go.png 
2018/11/14 14:27:56.068 [I] [beeweb.go:52]  beego 1.0.0 
2018/11/14 14:27:56.099 [I] [asm_amd64.s:1333]  http server Running on http://:8080
2018/11/14 14:28:16.540 [I] [graphite.go:36]  I am here 
2018/11/14 14:28:16.540 [I] [graphite.go:48]  2_go/2_go与火焰图trace.md 
2018/11/14 14:28:16.594 [I] [graphite.go:36]  I am here 
2018/11/14 14:28:16.594 [I] [graphite.go:48]  images/svg.png 
2018/11/14 14:31:16.944 [I] [beeweb.go:52]  beego 1.0.0 
2018/11/14 14:31:16.978 [I] [asm_amd64.s:1333]  http server Running on http://:8080
2018/11/14 14:31:33.556 [I] [graphite.go:36]  I am here 
2018/11/14 14:31:33.556 [I] [graphite.go:48]  1_what_is_graphite/1_什么是时间序列数据.md 
2018/11/14 14:31:35.451 [I] [graphite.go:36]  I am here 
2018/11/14 14:31:35.451 [I] [graphite.go:48]  2_go/2_go与火焰图trace.md 
2018/11/14 14:31:49.316 [I] [graphite.go:36]  I am here 
2018/11/14 14:31:49.316 [I] [graphite.go:48]  install/bee.md 
2018/11/14 14:31:49.359 [I] [graphite.go:36]  I am here 
2018/11/14 14:31:49.359 [I] [graphite.go:48]  images/beerun.png 
2018/11/14 14:31:57.494 [I] [graphite.go:36]  I am here 
2018/11/14 14:31:57.494 [I] [graphite.go:48]  mvc/controller/router.md 
2018/11/14 14:31:59.506 [I] [graphite.go:36]  I am here 
2018/11/14 14:31:59.507 [I] [graphite.go:48]  mvc/controller/config.md 
2018/11/14 14:32:00.365 [I] [graphite.go:36]  I am here 
2018/11/14 14:32:00.365 [I] [graphite.go:48]  mvc/ 
2018/11/14 14:32:00.419 [I] [graphite.go:36]  I am here 
2018/11/14 14:32:00.419 [I] [graphite.go:48]  images/detail.png 
2018/11/14 14:32:07.752 [I] [graphite.go:36]  I am here 
2018/11/14 14:32:07.752 [I] [graphite.go:48]  quickstart/ 
2018/11/14 14:32:10.900 [I] [graphite.go:36]  I am here 
2018/11/14 14:32:10.900 [I] [graphite.go:48]  quickstart/new.md 
2018/11/14 14:32:10.963 [I] [graphite.go:36]  I am here 
2018/11/14 14:32:10.963 [I] [graphite.go:48]  images/beerun.png 
2018/11/14 14:32:12.376 [I] [graphite.go:36]  I am here 
2018/11/14 14:32:12.376 [I] [graphite.go:48]  quickstart/router.md 
2018/11/14 14:32:12.403 [I] [graphite.go:36]  I am here 
2018/11/14 14:32:12.403 [I] [graphite.go:48]  images/init.png 
2018/11/14 14:32:14.485 [I] [graphite.go:36]  I am here 
2018/11/14 14:32:14.485 [I] [graphite.go:48]  quickstart/controller.md 
2018/11/14 14:32:16.660 [I] [docs.go:46]  [TEST]link: intro/ 
2018/11/14 14:32:19.579 [I] [docs.go:46]  [TEST]link: intro/releases.md 
2018/11/14 14:32:21.299 [I] [docs.go:46]  [TEST]link: intro/contributing.md 
2018/11/14 14:32:22.807 [I] [docs.go:46]  [TEST]link: install/ 
2018/11/14 14:32:23.876 [I] [docs.go:46]  [TEST]link: quickstart/ 
2018/11/14 14:32:25.077 [I] [docs.go:46]  [TEST]link: quickstart/new.md 
2018/11/14 14:32:26.067 [I] [docs.go:46]  [TEST]link: quickstart/router.md 
2018/11/14 14:32:27.574 [I] [docs.go:46]  [TEST]link: quickstart/router.md 
2018/11/14 14:32:31.994 [I] [graphite.go:36]  I am here 
2018/11/14 14:32:31.994 [I] [graphite.go:48]   
2018/11/14 14:32:35.697 [I] [graphite.go:36]  I am here 
2018/11/14 14:32:35.697 [I] [graphite.go:48]  quickstart/router.md 
2018/11/14 14:32:35.729 [I] [graphite.go:36]  I am here 
2018/11/14 14:32:35.730 [I] [graphite.go:48]  images/init.png 
2018/11/14 14:32:50.030 [I] [docs.go:46]  [TEST]link: intro/ 
2018/11/14 14:32:53.438 [I] [docs.go:46]  [TEST]link: mvc/controller/router.md 
2018/11/14 14:32:56.541 [I] [docs.go:46]  [TEST]link: mvc/controller/config.md 
2018/11/14 14:32:58.688 [I] [docs.go:46]  [TEST]link: quickstart/router.md 
2018/11/14 14:33:03.216 [I] [graphite.go:36]  I am here 
2018/11/14 14:33:03.216 [I] [graphite.go:48]   
2018/11/14 14:33:06.258 [I] [graphite.go:36]  I am here 
2018/11/14 14:33:06.258 [I] [graphite.go:48]  quickstart/new.md 
2018/11/14 14:33:06.288 [I] [graphite.go:36]  I am here 
2018/11/14 14:33:06.288 [I] [graphite.go:48]  images/beerun.png 
2018/11/14 14:33:07.782 [I] [graphite.go:36]  I am here 
2018/11/14 14:33:07.782 [I] [graphite.go:48]  quickstart/router.md 
2018/11/14 14:33:07.840 [I] [graphite.go:36]  I am here 
2018/11/14 14:33:07.840 [I] [graphite.go:48]  images/init.png 
2018/11/14 14:33:14.951 [I] [docs.go:46]  [TEST]link: intro/ 
2018/11/14 14:33:18.386 [I] [docs.go:46]  [TEST]link: quickstart/router.md 
2018/11/14 14:33:24.263 [I] [graphite.go:36]  I am here 
2018/11/14 14:33:24.264 [I] [graphite.go:48]   
2018/11/14 14:33:27.095 [I] [graphite.go:36]  I am here 
2018/11/14 14:33:27.095 [I] [graphite.go:48]  quickstart/router.md 
2018/11/14 14:33:27.123 [I] [graphite.go:36]  I am here 
2018/11/14 14:33:27.123 [I] [graphite.go:48]  images/init.png 
2018/11/19 12:59:59.864 [I] [beeweb.go:52]  beego 1.0.0 
2018/11/19 12:59:59.898 [I] [asm_amd64.s:1333]  http server Running on http://:8080
2018/11/19 13:00:09.476 [I] [graphite.go:36]  I am here 
2018/11/19 13:00:09.476 [I] [graphite.go:48]   
2018/11/19 13:00:11.409 [I] [graphite.go:36]  I am here 
2018/11/19 13:00:11.409 [I] [graphite.go:48]  2_go/2_go与火焰图trace.md 
2018/11/19 17:15:20.012 [W] [http.go:48]  Canceled request for %s https://api.github.com/repos/beego/beedoc/git/trees/master?recursive=1&client_id=&client_secret= 
2018/12/03 15:52:59.484 [I] [beeweb.go:52]  beego 1.0.0 
2018/12/03 15:52:59.516 [I] [asm_amd64.s:1333]  http server Running on http://:8080
2018/12/03 15:53:09.354 [I] [graphite.go:36]  I am here 
2018/12/03 15:53:09.354 [I] [graphite.go:48]   
2018/12/03 15:53:14.757 [I] [graphite.go:36]  I am here 
2018/12/03 15:53:14.757 [I] [graphite.go:48]  4_代理上网/1_curl.md 
2018/12/03 15:53:22.290 [I] [graphite.go:36]  I am here 
2018/12/03 15:53:22.291 [I] [graphite.go:48]  2_go/10_git.md 
2018/12/27 22:17:08.841 [I] [beeweb.go:52]  beego 1.0.0 
2018/12/27 22:17:08.884 [I] [asm_amd64.s:1333]  http server Running on http://:8080
2018/12/27 22:17:27.799 [I] [graphite.go:36]  I am here 
2018/12/27 22:17:27.800 [I] [graphite.go:48]   
2018/12/27 22:17:30.473 [I] [graphite.go:36]  I am here 
2018/12/27 22:17:30.473 [I] [graphite.go:48]  2_go/1_go与postman.md 
2018/12/27 22:17:42.054 [I] [graphite.go:36]  I am here 
2018/12/27 22:17:42.054 [I] [graphite.go:48]  5_vue/2_mysql.md 
2018/12/27 22:17:53.531 [I] [graphite.go:36]  I am here 
2018/12/27 22:17:53.531 [I] [graphite.go:48]  2_go/1_go与postman.md 
2018/12/27 22:17:54.546 [I] [graphite.go:36]  I am here 
2018/12/27 22:17:54.546 [I] [graphite.go:48]  2_go/2_go与火焰图trace.md 
2019/01/16 10:03:27.272 [I] [beeweb.go:52]  beego 1.0.0 
2019/01/16 10:03:27.297 [I] [asm_amd64.s:1333]  http server Running on http://:8080
2019/01/16 10:03:48.794 [I] [graphite.go:36]  I am here 
2019/01/16 10:03:48.794 [I] [graphite.go:48]   
2019/01/16 10:04:01.488 [I] [docs.go:46]  [TEST]link: intro/ 
2019/01/16 10:04:38.921 [I] [docs.go:46]  [TEST]link: intro/ 
2019/01/16 10:04:42.472 [I] [graphite.go:36]  I am here 
2019/01/16 10:04:42.472 [I] [graphite.go:48]   
2019/01/16 10:04:46.287 [I] [crawler.go:36]  I am here 
2019/01/16 10:04:46.287 [I] [crawler.go:48]   
2019/01/16 10:08:13.161 [I] [graphite.go:36]  I am here 
2019/01/16 10:08:13.165 [I] [graphite.go:48]   
2019/01/16 10:08:40.656 [I] [graphite.go:36]  I am here 
2019/01/16 10:08:40.656 [I] [graphite.go:48]  2_go/8_前端文件打包进go程序.md 
2019/01/16 10:08:42.927 [I] [graphite.go:36]  I am here 
2019/01/16 10:08:42.928 [I] [graphite.go:48]  2_go/9_go与redis.md 
2019/01/16 10:13:22.661 [I] [crawler.go:36]  I am here 
2019/01/16 10:13:22.662 [I] [crawler.go:48]   
2019/01/16 10:13:25.135 [I] [graphite.go:36]  I am here 
2019/01/16 10:13:25.136 [I] [graphite.go:48]   
2019/01/16 10:13:26.380 [I] [docs.go:46]  [TEST]link: intro/ 
2019/01/16 10:13:27.565 [I] [graphite.go:36]  I am here 
2019/01/16 10:13:27.565 [I] [graphite.go:48]   
2019/01/16 10:13:34.283 [I] [graphite.go:36]  I am here 
2019/01/16 10:13:34.283 [I] [graphite.go:48]  1_what_is_graphite/1_什么是时间序列数据.md 
2019/01/16 10:13:56.443 [I] [graphite.go:36]  I am here 
2019/01/16 10:13:56.443 [I] [graphite.go:48]  2_go/1_go与postman.md 
2019/01/16 10:13:57.421 [I] [graphite.go:36]  I am here 
2019/01/16 10:13:57.426 [I] [graphite.go:48]  2_go/1_go与postman.md 
2019/01/16 15:00:20.027 [W] [http.go:48]  Canceled request for %s https://api.github.com/repos/beego/beedoc/git/trees/master?recursive=1&client_id=&client_secret= 
2019/01/16 18:45:20.016 [W] [http.go:48]  Canceled request for %s https://api.github.com/repos/beego/beedoc/git/trees/master?recursive=1&client_id=&client_secret= 
2019/01/17 22:35:59.874 [I] [beeweb.go:52]  beego 1.0.0 
2019/01/17 22:35:59.914 [I] [asm_amd64.s:1333]  http server Running on http://:8080
2019/01/17 22:38:06.612 [I] [beeweb.go:52]  beego 1.0.0 
2019/01/17 22:38:06.644 [I] [asm_amd64.s:1333]  http server Running on http://:8080
2019/01/17 22:41:45.878 [I] [beeweb.go:52]  beego 1.0.0 
2019/01/17 22:41:45.911 [I] [asm_amd64.s:1333]  http server Running on http://:8080
2019/01/17 22:45:07.425 [I] [beeweb.go:52]  beego 1.0.0 
2019/01/17 22:45:07.467 [I] [asm_amd64.s:1333]  http server Running on http://:8080
2019/01/17 22:46:15.529 [I] [init.go:98]  "conf/locale_zh-CN.ini": MODIFY|ATTRIB 
2019/01/17 22:46:15.531 [I] [init.go:104]  Config Reloaded 
2019/01/17 22:57:09.591 [I] [beeweb.go:52]  beego 1.0.0 
2019/01/17 22:57:09.622 [I] [asm_amd64.s:1333]  http server Running on http://:8080
2019/01/17 23:00:16.704 [I] [init.go:98]  "conf/locale_zh-CN.ini": MODIFY|ATTRIB 
2019/01/17 23:00:16.706 [I] [init.go:104]  Config Reloaded 
2019/01/17 23:07:16.719 [I] [beeweb.go:52]  beego 1.0.0 
2019/01/17 23:07:16.766 [I] [asm_amd64.s:1333]  http server Running on http://:8080
2019/01/17 23:07:48.407 [I] [docs.go:46]  [TEST]link: intro/ 
2019/01/17 23:07:52.570 [I] [graphite.go:36]  I am here 
2019/01/17 23:07:52.570 [I] [graphite.go:48]   
2019/01/17 23:07:55.149 [I] [graphite.go:36]  I am here 
2019/01/17 23:07:55.149 [I] [graphite.go:48]  1_what_is_graphite/1_什么是时间序列数据.md 
2019/01/17 23:07:58.699 [I] [graphite.go:36]  I am here 
2019/01/17 23:07:58.699 [I] [graphite.go:48]  2_go/1_go与postman.md 
2019/01/17 23:07:59.823 [I] [graphite.go:36]  I am here 
2019/01/17 23:07:59.823 [I] [graphite.go:48]  2_go/2_go与火焰图trace.md 
2019/01/17 23:08:00.629 [I] [graphite.go:36]  I am here 
2019/01/17 23:08:00.629 [I] [graphite.go:48]  2_go/3_http:https压力测试.md 
2019/01/17 23:08:01.231 [I] [graphite.go:36]  I am here 
2019/01/17 23:08:01.231 [I] [graphite.go:48]  2_go/4_syncpool.md 
2019/01/17 23:08:02.456 [I] [graphite.go:36]  I am here 
2019/01/17 23:08:02.457 [I] [graphite.go:48]  2_go/5_ConsistencyHash.md 
2019/01/17 23:08:03.042 [I] [graphite.go:36]  I am here 
2019/01/17 23:08:03.042 [I] [graphite.go:48]  2_go/6_获取网卡ip.md 
2019/01/17 23:08:04.676 [I] [graphite.go:36]  I am here 
2019/01/17 23:08:04.676 [I] [graphite.go:48]  2_go/7_go性能分析.md 
2019/01/17 23:08:05.766 [I] [graphite.go:36]  I am here 
2019/01/17 23:08:05.766 [I] [graphite.go:48]  2_go/8_前端文件打包进go程序.md 
2019/01/17 23:08:06.408 [I] [graphite.go:36]  I am here 
2019/01/17 23:08:06.408 [I] [graphite.go:48]  2_go/8_前端文件打包进go程序.md 
2019/01/17 23:08:09.198 [I] [graphite.go:36]  I am here 
2019/01/17 23:08:09.198 [I] [graphite.go:48]  7_web/1_学习笔记.md 
2019/01/17 23:08:13.105 [I] [docs.go:46]  [TEST]link: intro/ 
2019/01/17 23:17:44.636 [I] [docs.go:46]  [TEST]link: intro/ 
2019/01/17 23:28:38.496 [I] [beeweb.go:52]  beego 1.0.0 
2019/01/17 23:28:38.525 [I] [asm_amd64.s:1333]  http server Running on http://:8080
2019/01/17 23:36:30.904 [I] [beeweb.go:52]  beego 1.0.0 
2019/01/17 23:36:30.941 [I] [asm_amd64.s:1333]  http server Running on http://:8080
2019/01/17 23:37:03.860 [I] [beeweb.go:52]  beego 1.0.0 
2019/01/17 23:37:03.893 [I] [asm_amd64.s:1333]  http server Running on http://:8080
2019/01/17 23:37:46.037 [I] [graphite.go:36]  I am here 
2019/01/17 23:37:46.038 [I] [graphite.go:48]   
2019/01/17 23:38:30.321 [I] [graphite.go:36]  I am here 
2019/01/17 23:38:30.322 [I] [graphite.go:48]   
